2019-09-17 15:05:13,100 - ResourceLoader instantiated: org.apache.velocity.runtime.resource.loader.FileResourceLoader
2019-09-17 15:05:13,101 - Do unicode file recognition:  false
2019-09-17 15:05:13,101 - FileResourceLoader : adding path '.'
2019-09-17 15:05:13,114 - ResourceCache: initialized (class org.apache.velocity.runtime.resource.ResourceCacheImpl) with class java.util.Collections$SynchronizedMap cache map.
2019-09-17 15:05:13,116 - Loaded System Directive: org.apache.velocity.runtime.directive.Stop
2019-09-17 15:05:13,117 - Loaded System Directive: org.apache.velocity.runtime.directive.Define
2019-09-17 15:05:13,117 - Loaded System Directive: org.apache.velocity.runtime.directive.Break
2019-09-17 15:05:13,118 - Loaded System Directive: org.apache.velocity.runtime.directive.Evaluate
2019-09-17 15:05:13,119 - Loaded System Directive: org.apache.velocity.runtime.directive.Literal
2019-09-17 15:05:13,120 - Loaded System Directive: org.apache.velocity.runtime.directive.Macro
2019-09-17 15:05:13,121 - Loaded System Directive: org.apache.velocity.runtime.directive.Parse
2019-09-17 15:05:13,123 - Loaded System Directive: org.apache.velocity.runtime.directive.Include
2019-09-17 15:05:13,124 - Loaded System Directive: org.apache.velocity.runtime.directive.Foreach
2019-09-17 15:05:13,151 - Created '20' parsers.
2019-09-17 15:05:13,159 - Velocimacro : "velocimacro.library" is not set.  Trying default library: VM_global_library.vm
2019-09-17 15:05:13,160 - Velocimacro : Default library not found.
2019-09-17 15:05:13,161 - Velocimacro : allowInline = true : VMs can be defined inline in templates
2019-09-17 15:05:13,161 - Velocimacro : allowInlineToOverride = false : VMs defined inline may NOT replace previous VM definitions
2019-09-17 15:05:13,161 - Velocimacro : allowInlineLocal = false : VMs defined inline will be global in scope if allowed.
2019-09-17 15:05:13,161 - Velocimacro : autoload off : VM system will not automatically reload global library macros
2019-09-17 15:05:13,183 - ResourceManager : found src/main/resources/velocity/addInit.html.vm with loader org.apache.velocity.runtime.resource.loader.FileResourceLoader
2019-09-17 15:05:13,193 - Left side ($elem.type) of '==' operation has null value. If it is a reference, it may not be in the context or its toString() returned null. src/main/resources/velocity/addInit.html.vm[line 76, column 26]
2019-09-17 15:05:13,193 - Left side ($elem.type) of '==' operation has null value. If it is a reference, it may not be in the context or its toString() returned null. src/main/resources/velocity/addInit.html.vm[line 79, column 26]
2019-09-17 15:05:13,208 - ResourceManager : found src/main/resources/velocity/add.js.vm with loader org.apache.velocity.runtime.resource.loader.FileResourceLoader
2019-10-09 13:50:40,861 - Log4JLogChute initialized using file 'velocity.log'
2019-10-09 13:50:40,862 - Initializing Velocity, Calling init()...
2019-10-09 13:50:40,862 - Starting Apache Velocity v1.7 (compiled: 2010-11-19 12:14:37)
2019-10-09 13:50:40,862 - Default Properties File: org\apache\velocity\runtime\defaults\velocity.properties
2019-10-09 13:50:40,862 - Trying to use logger class org.apache.velocity.runtime.log.AvalonLogChute
2019-10-09 13:50:40,862 - Target log system for org.apache.velocity.runtime.log.AvalonLogChute is not available (java.lang.NoClassDefFoundError: org/apache/log/format/Formatter).  Falling back to next log system...
2019-10-09 13:50:40,862 - Trying to use logger class org.apache.velocity.runtime.log.Log4JLogChute
2019-10-09 13:50:40,862 - Using logger class org.apache.velocity.runtime.log.Log4JLogChute
2019-10-09 13:50:40,869 - ResourceLoader instantiated: org.apache.velocity.runtime.resource.loader.FileResourceLoader
2019-10-09 13:50:40,870 - Do unicode file recognition:  false
2019-10-09 13:50:40,870 - FileResourceLoader : adding path '.'
2019-10-09 13:50:41,088 - ResourceCache: initialized (class org.apache.velocity.runtime.resource.ResourceCacheImpl) with class java.util.Collections$SynchronizedMap cache map.
2019-10-09 13:50:41,089 - Loaded System Directive: org.apache.velocity.runtime.directive.Stop
2019-10-09 13:50:41,092 - Loaded System Directive: org.apache.velocity.runtime.directive.Define
2019-10-09 13:50:41,093 - Loaded System Directive: org.apache.velocity.runtime.directive.Break
2019-10-09 13:50:41,098 - Loaded System Directive: org.apache.velocity.runtime.directive.Evaluate
2019-10-09 13:50:41,099 - Loaded System Directive: org.apache.velocity.runtime.directive.Literal
2019-10-09 13:50:41,101 - Loaded System Directive: org.apache.velocity.runtime.directive.Macro
2019-10-09 13:50:41,102 - Loaded System Directive: org.apache.velocity.runtime.directive.Parse
2019-10-09 13:50:41,104 - Loaded System Directive: org.apache.velocity.runtime.directive.Include
2019-10-09 13:50:41,105 - Loaded System Directive: org.apache.velocity.runtime.directive.Foreach
2019-10-09 13:50:41,133 - Created '20' parsers.
2019-10-09 13:50:41,139 - Velocimacro : "velocimacro.library" is not set.  Trying default library: VM_global_library.vm
2019-10-09 13:50:41,139 - Velocimacro : Default library not found.
2019-10-09 13:50:41,139 - Velocimacro : allowInline = true : VMs can be defined inline in templates
2019-10-09 13:50:41,139 - Velocimacro : allowInlineToOverride = false : VMs defined inline may NOT replace previous VM definitions
2019-10-09 13:50:41,139 - Velocimacro : allowInlineLocal = false : VMs defined inline will be global in scope if allowed.
2019-10-09 13:50:41,140 - Velocimacro : autoload off : VM system will not automatically reload global library macros
2019-10-09 13:50:41,162 - ResourceManager : found src/main/resources/velocity/addInit.html.vm with loader org.apache.velocity.runtime.resource.loader.FileResourceLoader
2019-10-09 13:50:41,178 - Left side ($elem.type) of '==' operation has null value. If it is a reference, it may not be in the context or its toString() returned null. src/main/resources/velocity/addInit.html.vm[line 76, column 26]
2019-10-09 13:50:41,178 - Left side ($elem.type) of '==' operation has null value. If it is a reference, it may not be in the context or its toString() returned null. src/main/resources/velocity/addInit.html.vm[line 79, column 26]
2019-10-09 13:50:41,186 - ResourceManager : found src/main/resources/velocity/add.js.vm with loader org.apache.velocity.runtime.resource.loader.FileResourceLoader
2019-10-09 13:50:41,195 - ResourceManager : found src/main/resources/velocity/editInit.html.vm with loader org.apache.velocity.runtime.resource.loader.FileResourceLoader
2019-10-09 13:50:41,195 - Left side ($elem.type) of '==' operation has null value. If it is a reference, it may not be in the context or its toString() returned null. src/main/resources/velocity/editInit.html.vm[line 81, column 34]
2019-10-09 13:50:41,195 - Left side ($elem.type) of '==' operation has null value. If it is a reference, it may not be in the context or its toString() returned null. src/main/resources/velocity/editInit.html.vm[line 84, column 34]
2019-10-09 13:50:41,203 - ResourceManager : found src/main/resources/velocity/edit.js.vm with loader org.apache.velocity.runtime.resource.loader.FileResourceLoader
2019-10-09 14:58:12,576 - Log4JLogChute initialized using file 'velocity.log'
2019-10-09 14:58:12,577 - Initializing Velocity, Calling init()...
2019-10-09 14:58:12,577 - Starting Apache Velocity v1.7 (compiled: 2010-11-19 12:14:37)
2019-10-09 14:58:12,577 - Default Properties File: org\apache\velocity\runtime\defaults\velocity.properties
2019-10-09 14:58:12,577 - Trying to use logger class org.apache.velocity.runtime.log.AvalonLogChute
2019-10-09 14:58:12,577 - Target log system for org.apache.velocity.runtime.log.AvalonLogChute is not available (java.lang.NoClassDefFoundError: org/apache/log/format/Formatter).  Falling back to next log system...
2019-10-09 14:58:12,577 - Trying to use logger class org.apache.velocity.runtime.log.Log4JLogChute
2019-10-09 14:58:12,577 - Using logger class org.apache.velocity.runtime.log.Log4JLogChute
2019-10-09 14:58:12,584 - ResourceLoader instantiated: org.apache.velocity.runtime.resource.loader.FileResourceLoader
2019-10-09 14:58:12,586 - Do unicode file recognition:  false
2019-10-09 14:58:12,586 - FileResourceLoader : adding path '.'
2019-10-09 14:58:12,599 - ResourceCache: initialized (class org.apache.velocity.runtime.resource.ResourceCacheImpl) with class java.util.Collections$SynchronizedMap cache map.
2019-10-09 14:58:12,601 - Loaded System Directive: org.apache.velocity.runtime.directive.Stop
2019-10-09 14:58:12,602 - Loaded System Directive: org.apache.velocity.runtime.directive.Define
2019-10-09 14:58:12,603 - Loaded System Directive: org.apache.velocity.runtime.directive.Break
2019-10-09 14:58:12,604 - Loaded System Directive: org.apache.velocity.runtime.directive.Evaluate
2019-10-09 14:58:12,605 - Loaded System Directive: org.apache.velocity.runtime.directive.Literal
2019-10-09 14:58:12,606 - Loaded System Directive: org.apache.velocity.runtime.directive.Macro
2019-10-09 14:58:12,608 - Loaded System Directive: org.apache.velocity.runtime.directive.Parse
2019-10-09 14:58:12,613 - Loaded System Directive: org.apache.velocity.runtime.directive.Include
2019-10-09 14:58:12,614 - Loaded System Directive: org.apache.velocity.runtime.directive.Foreach
2019-10-09 14:58:12,641 - Created '20' parsers.
2019-10-09 14:58:12,663 - Velocimacro : "velocimacro.library" is not set.  Trying default library: VM_global_library.vm
2019-10-09 14:58:12,664 - Velocimacro : Default library not found.
2019-10-09 14:58:12,665 - Velocimacro : allowInline = true : VMs can be defined inline in templates
2019-10-09 14:58:12,665 - Velocimacro : allowInlineToOverride = false : VMs defined inline may NOT replace previous VM definitions
2019-10-09 14:58:12,665 - Velocimacro : allowInlineLocal = false : VMs defined inline will be global in scope if allowed.
2019-10-09 14:58:12,665 - Velocimacro : autoload off : VM system will not automatically reload global library macros
2019-10-09 14:58:12,695 - ResourceManager : found src/main/resources/velocity/addInit.html.vm with loader org.apache.velocity.runtime.resource.loader.FileResourceLoader
2019-10-09 14:58:12,712 - Left side ($elem.type) of '==' operation has null value. If it is a reference, it may not be in the context or its toString() returned null. src/main/resources/velocity/addInit.html.vm[line 76, column 26]
2019-10-09 14:58:12,712 - Left side ($elem.type) of '==' operation has null value. If it is a reference, it may not be in the context or its toString() returned null. src/main/resources/velocity/addInit.html.vm[line 79, column 26]
2019-10-09 14:58:12,732 - ResourceManager : found src/main/resources/velocity/add.js.vm with loader org.apache.velocity.runtime.resource.loader.FileResourceLoader
2019-10-09 14:58:12,740 - ResourceManager : found src/main/resources/velocity/editInit.html.vm with loader org.apache.velocity.runtime.resource.loader.FileResourceLoader
2019-10-09 14:58:12,741 - Left side ($elem.type) of '==' operation has null value. If it is a reference, it may not be in the context or its toString() returned null. src/main/resources/velocity/editInit.html.vm[line 81, column 34]
2019-10-09 14:58:12,741 - Left side ($elem.type) of '==' operation has null value. If it is a reference, it may not be in the context or its toString() returned null. src/main/resources/velocity/editInit.html.vm[line 84, column 34]
2019-10-09 14:58:12,743 - ResourceManager : found src/main/resources/velocity/edit.js.vm with loader org.apache.velocity.runtime.resource.loader.FileResourceLoader
